
setenv SUBJECTS_DIR /mnt/temp_data1/NHP_NNP/MacaqueCyno
/usr/local/freesurfer-v6.0.0/bin/make_average_surface --force --out average/fsaverage --subjects A16121601/T1w/A16121601_scaled A16121602/T1w/A16121602_scaled A16122101/T1w/A16122101_scaled A16122102/T1w/A16122102_scaled A16122201/T1w/A16122201_scaled A16122202/T1w/A16122202_scaled A17020301/T1w/A17020301_scaled A17022401/T1w/A17022401_scaled A17040701/T1w/A17040701_scaled A18020802/T1w/A18020802_scaled A18021502/T1w/A18021502_scaled A18041901/T1w/A18041901_scaled A22121201/T1w/A22121201_scaled A22121401/T1w/A22121401_scaled A23011001/T1w/A23011001_scaled A23011101/T1w/A23011101_scaled A23013001/T1w/A23013001_scaled A23013101/T1w/A23013101_scaled A23041101/T1w/A23041101_scaled A23041301/T1w/A23041301_scaled M174/T1w/M174_scaled M176/T1w/M176_scaled M177/T1w/M177_scaled M179/T1w/M179_scaled M180/T1w/M180_scaled

$Id: make_average_surface,v 1.62 2016/02/16 17:17:20 zkaufman Exp $
Tue Jun  6 02:48:20 JST 2023
/mnt/temp_data1/NHP_NNP/MacaqueCyno/average/fsaverage
output ddir is /mnt/temp_data1/NHP_NNP/MacaqueCyno
uid=500(xnat) gid=500(xnat) groups=500(xnat),10(wheel),50776
====================
make_average_surface
====================
Tue Jun  6 02:48:22 JST 2023
/mnt/temp_data1/NHP_NNP/MacaqueCyno/average/fsaverage
/usr/local/freesurfer-v6.0.0/bin/make_average_surface
--force --out average/fsaverage --subjects A16121601/T1w/A16121601_scaled A16121602/T1w/A16121602_scaled A16122101/T1w/A16122101_scaled A16122102/T1w/A16122102_scaled A16122201/T1w/A16122201_scaled A16122202/T1w/A16122202_scaled A17020301/T1w/A17020301_scaled A17022401/T1w/A17022401_scaled A17040701/T1w/A17040701_scaled A18020802/T1w/A18020802_scaled A18021502/T1w/A18021502_scaled A18041901/T1w/A18041901_scaled A22121201/T1w/A22121201_scaled A22121401/T1w/A22121401_scaled A23011001/T1w/A23011001_scaled A23011101/T1w/A23011101_scaled A23013001/T1w/A23013001_scaled A23013101/T1w/A23013101_scaled A23041101/T1w/A23041101_scaled A23041301/T1w/A23041301_scaled M174/T1w/M174_scaled M176/T1w/M176_scaled M177/T1w/M177_scaled M179/T1w/M179_scaled M180/T1w/M180_scaled
input subjects: A16121601/T1w/A16121601_scaled A16121602/T1w/A16121602_scaled A16122101/T1w/A16122101_scaled A16122102/T1w/A16122102_scaled A16122201/T1w/A16122201_scaled A16122202/T1w/A16122202_scaled A17020301/T1w/A17020301_scaled A17022401/T1w/A17022401_scaled A17040701/T1w/A17040701_scaled A18020802/T1w/A18020802_scaled A18021502/T1w/A18021502_scaled A18041901/T1w/A18041901_scaled A22121201/T1w/A22121201_scaled A22121401/T1w/A22121401_scaled A23011001/T1w/A23011001_scaled A23011101/T1w/A23011101_scaled A23013001/T1w/A23013001_scaled A23013101/T1w/A23013101_scaled A23041101/T1w/A23041101_scaled A23041301/T1w/A23041301_scaled M174/T1w/M174_scaled M176/T1w/M176_scaled M177/T1w/M177_scaled M179/T1w/M179_scaled M180/T1w/M180_scaled
output subject: average/fsaverage
mri_add_xform_to_header -c auto /mnt/temp_data1/NHP_NNP/MacaqueCyno/average/fsaverage/mri/mni305.cor.mgz /mnt/temp_data1/NHP_NNP/MacaqueCyno/average/fsaverage/mri/mni305.cor.mgz
INFO: extension is mgz

#@# Making lh registration template ---------
/mnt/temp_data1/NHP_NNP/MacaqueCyno/average/fsaverage
mris_make_template -norot -annot aparc lh sphere.reg A16121601/T1w/A16121601_scaled A16121602/T1w/A16121602_scaled A16122101/T1w/A16122101_scaled A16122102/T1w/A16122102_scaled A16122201/T1w/A16122201_scaled A16122202/T1w/A16122202_scaled A17020301/T1w/A17020301_scaled A17022401/T1w/A17022401_scaled A17040701/T1w/A17040701_scaled A18020802/T1w/A18020802_scaled A18021502/T1w/A18021502_scaled A18041901/T1w/A18041901_scaled A22121201/T1w/A22121201_scaled A22121401/T1w/A22121401_scaled A23011001/T1w/A23011001_scaled A23011101/T1w/A23011101_scaled A23013001/T1w/A23013001_scaled A23013101/T1w/A23013101_scaled A23041101/T1w/A23041101_scaled A23041301/T1w/A23041301_scaled M174/T1w/M174_scaled M176/T1w/M176_scaled M177/T1w/M177_scaled M179/T1w/M179_scaled M180/T1w/M180_scaled lh.reg.template.tif
not aligning hemispheres before averaging.
zeroing medial wall in aparc
creating new parameterization...

processing subject A16121601/T1w/A16121601_scaled (1 of 25)
reading spherical surface /mnt/temp_data1/NHP_NNP/MacaqueCyno/A16121601/T1w/A16121601_scaled/surf/lh.sphere.reg...
reading frame -1 of gca
reading colortable from annotation file...
colortable with 36 entries read (originally /autofs/space/tanha_002/users/greve/fsdev.build/average/colortable_desikan_killiany.txt)
ripping medial wall...
computing parameterization for surface /mnt/temp_data1/NHP_NNP/MacaqueCyno/A16121601/T1w/A16121601_scaled/surf/lh.inflated.H...
curvature mean = -0.044, std = 0.993
computing parameterization for surface /mnt/temp_data1/NHP_NNP/MacaqueCyno/A16121601/T1w/A16121601_scaled/surf/lh.sulc...
computing parameterization for surface /mnt/temp_data1/NHP_NNP/MacaqueCyno/A16121601/T1w/A16121601_scaled/surf/lh.smoothwm...

processing subject A16121602/T1w/A16121602_scaled (2 of 25)
reading spherical surface /mnt/temp_data1/NHP_NNP/MacaqueCyno/A16121602/T1w/A16121602_scaled/surf/lh.sphere.reg...
curvature mean = 0.740, std = 9.498
curvature mean = -0.053, std = 0.324
reading frame -1 of gca
reading colortable from annotation file...
colortable with 36 entries read (originally /autofs/space/tanha_002/users/greve/fsdev.build/average/colortable_desikan_killiany.txt)
ripping medial wall...
computing parameterization for surface /mnt/temp_data1/NHP_NNP/MacaqueCyno/A16121602/T1w/A16121602_scaled/surf/lh.inflated.H...
curvature mean = -0.005, std = 0.908
computing parameterization for surface /mnt/temp_data1/NHP_NNP/MacaqueCyno/A16121602/T1w/A16121602_scaled/surf/lh.sulc...
computing parameterization for surface /mnt/temp_data1/NHP_NNP/MacaqueCyno/A16121602/T1w/A16121602_scaled/surf/lh.smoothwm...

processing subject A16122101/T1w/A16122101_scaled (3 of 25)
reading spherical surface /mnt/temp_data1/NHP_NNP/MacaqueCyno/A16122101/T1w/A16122101_scaled/surf/lh.sphere.reg...
curvature mean = 0.433, std = 9.156
curvature mean = -0.050, std = 0.425
reading frame -1 of gca
reading colortable from annotation file...
colortable with 36 entries read (originally /autofs/space/tanha_002/users/greve/fsdev.build/average/colortable_desikan_killiany.txt)
ripping medial wall...
computing parameterization for surface /mnt/temp_data1/NHP_NNP/MacaqueCyno/A16122101/T1w/A16122101_scaled/surf/lh.inflated.H...
curvature mean = -0.016, std = 0.952
computing parameterization for surface /mnt/temp_data1/NHP_NNP/MacaqueCyno/A16122101/T1w/A16122101_scaled/surf/lh.sulc...
computing parameterization for surface /mnt/temp_data1/NHP_NNP/MacaqueCyno/A16122101/T1w/A16122101_scaled/surf/lh.smoothwm...

processing subject A16122102/T1w/A16122102_scaled (4 of 25)
reading spherical surface /mnt/temp_data1/NHP_NNP/MacaqueCyno/A16122102/T1w/A16122102_scaled/surf/lh.sphere.reg...
curvature mean = 0.411, std = 9.651
curvature mean = -0.050, std = 0.306
reading frame -1 of gca
reading colortable from annotation file...
colortable with 36 entries read (originally /autofs/space/tanha_002/users/greve/fsdev.build/average/colortable_desikan_killiany.txt)
ripping medial wall...
computing parameterization for surface /mnt/temp_data1/NHP_NNP/MacaqueCyno/A16122102/T1w/A16122102_scaled/surf/lh.inflated.H...
curvature mean = -0.021, std = 0.969
computing parameterization for surface /mnt/temp_data1/NHP_NNP/MacaqueCyno/A16122102/T1w/A16122102_scaled/surf/lh.sulc...
computing parameterization for surface /mnt/temp_data1/NHP_NNP/MacaqueCyno/A16122102/T1w/A16122102_scaled/surf/lh.smoothwm...

processing subject A16122201/T1w/A16122201_scaled (5 of 25)
reading spherical surface /mnt/temp_data1/NHP_NNP/MacaqueCyno/A16122201/T1w/A16122201_scaled/surf/lh.sphere.reg...
curvature mean = 0.591, std = 10.231
curvature mean = -0.050, std = 0.350
reading frame -1 of gca
reading colortable from annotation file...
colortable with 36 entries read (originally /autofs/space/tanha_002/users/greve/fsdev.build/average/colortable_desikan_killiany.txt)
ripping medial wall...
computing parameterization for surface /mnt/temp_data1/NHP_NNP/MacaqueCyno/A16122201/T1w/A16122201_scaled/surf/lh.inflated.H...
curvature mean = -0.029, std = 0.966
computing parameterization for surface /mnt/temp_data1/NHP_NNP/MacaqueCyno/A16122201/T1w/A16122201_scaled/surf/lh.sulc...
computing parameterization for surface /mnt/temp_data1/NHP_NNP/MacaqueCyno/A16122201/T1w/A16122201_scaled/surf/lh.smoothwm...

processing subject A16122202/T1w/A16122202_scaled (6 of 25)
reading spherical surface /mnt/temp_data1/NHP_NNP/MacaqueCyno/A16122202/T1w/A16122202_scaled/surf/lh.sphere.reg...
curvature mean = 0.695, std = 9.542
curvature mean = -0.057, std = 0.544
reading frame -1 of gca
reading colortable from annotation file...
colortable with 36 entries read (originally /autofs/space/tanha_002/users/greve/fsdev.build/average/colortable_desikan_killiany.txt)
ripping medial wall...
computing parameterization for surface /mnt/temp_data1/NHP_NNP/MacaqueCyno/A16122202/T1w/A16122202_scaled/surf/lh.inflated.H...
curvature mean = -0.041, std = 0.964
computing parameterization for surface /mnt/temp_data1/NHP_NNP/MacaqueCyno/A16122202/T1w/A16122202_scaled/surf/lh.sulc...
computing parameterization for surface /mnt/temp_data1/NHP_NNP/MacaqueCyno/A16122202/T1w/A16122202_scaled/surf/lh.smoothwm...

processing subject A17020301/T1w/A17020301_scaled (7 of 25)
reading spherical surface /mnt/temp_data1/NHP_NNP/MacaqueCyno/A17020301/T1w/A17020301_scaled/surf/lh.sphere.reg...
curvature mean = 0.552, std = 9.279
curvature mean = -0.055, std = 0.361
reading frame -1 of gca
reading colortable from annotation file...
colortable with 36 entries read (originally /autofs/space/tanha_002/users/greve/fsdev.build/average/colortable_desikan_killiany.txt)
ripping medial wall...
computing parameterization for surface /mnt/temp_data1/NHP_NNP/MacaqueCyno/A17020301/T1w/A17020301_scaled/surf/lh.inflated.H...
curvature mean = -0.039, std = 0.969
computing parameterization for surface /mnt/temp_data1/NHP_NNP/MacaqueCyno/A17020301/T1w/A17020301_scaled/surf/lh.sulc...
computing parameterization for surface /mnt/temp_data1/NHP_NNP/MacaqueCyno/A17020301/T1w/A17020301_scaled/surf/lh.smoothwm...

processing subject A17022401/T1w/A17022401_scaled (8 of 25)
reading spherical surface /mnt/temp_data1/NHP_NNP/MacaqueCyno/A17022401/T1w/A17022401_scaled/surf/lh.sphere.reg...
curvature mean = 0.627, std = 9.561
curvature mean = -0.049, std = 0.305
reading frame -1 of gca
reading colortable from annotation file...
colortable with 36 entries read (originally /autofs/space/tanha_002/users/greve/fsdev.build/average/colortable_desikan_killiany.txt)
ripping medial wall...
computing parameterization for surface /mnt/temp_data1/NHP_NNP/MacaqueCyno/A17022401/T1w/A17022401_scaled/surf/lh.inflated.H...
curvature mean = -0.037, std = 0.974
computing parameterization for surface /mnt/temp_data1/NHP_NNP/MacaqueCyno/A17022401/T1w/A17022401_scaled/surf/lh.sulc...
computing parameterization for surface /mnt/temp_data1/NHP_NNP/MacaqueCyno/A17022401/T1w/A17022401_scaled/surf/lh.smoothwm...

processing subject A17040701/T1w/A17040701_scaled (9 of 25)
reading spherical surface /mnt/temp_data1/NHP_NNP/MacaqueCyno/A17040701/T1w/A17040701_scaled/surf/lh.sphere.reg...
curvature mean = 0.652, std = 10.203
curvature mean = -0.055, std = 0.466
reading frame -1 of gca
reading colortable from annotation file...
colortable with 36 entries read (originally /autofs/space/tanha_002/users/greve/fsdev.build/average/colortable_desikan_killiany.txt)
ripping medial wall...
computing parameterization for surface /mnt/temp_data1/NHP_NNP/MacaqueCyno/A17040701/T1w/A17040701_scaled/surf/lh.inflated.H...
curvature mean = -0.035, std = 0.993
computing parameterization for surface /mnt/temp_data1/NHP_NNP/MacaqueCyno/A17040701/T1w/A17040701_scaled/surf/lh.sulc...
computing parameterization for surface /mnt/temp_data1/NHP_NNP/MacaqueCyno/A17040701/T1w/A17040701_scaled/surf/lh.smoothwm...

processing subject A18020802/T1w/A18020802_scaled (10 of 25)
reading spherical surface /mnt/temp_data1/NHP_NNP/MacaqueCyno/A18020802/T1w/A18020802_scaled/surf/lh.sphere.reg...
curvature mean = 0.561, std = 10.349
curvature mean = -0.053, std = 0.317
reading frame -1 of gca
reading colortable from annotation file...
colortable with 36 entries read (originally /autofs/space/tanha_002/users/greve/fsdev.build/average/colortable_desikan_killiany.txt)
ripping medial wall...
computing parameterization for surface /mnt/temp_data1/NHP_NNP/MacaqueCyno/A18020802/T1w/A18020802_scaled/surf/lh.inflated.H...
curvature mean = -0.011, std = 0.956
computing parameterization for surface /mnt/temp_data1/NHP_NNP/MacaqueCyno/A18020802/T1w/A18020802_scaled/surf/lh.sulc...
computing parameterization for surface /mnt/temp_data1/NHP_NNP/MacaqueCyno/A18020802/T1w/A18020802_scaled/surf/lh.smoothwm...

processing subject A18021502/T1w/A18021502_scaled (11 of 25)
reading spherical surface /mnt/temp_data1/NHP_NNP/MacaqueCyno/A18021502/T1w/A18021502_scaled/surf/lh.sphere.reg...
curvature mean = 0.663, std = 9.958
curvature mean = -0.045, std = 0.315
reading frame -1 of gca
reading colortable from annotation file...
colortable with 36 entries read (originally /autofs/space/tanha_002/users/greve/fsdev.build/average/colortable_desikan_killiany.txt)
ripping medial wall...
computing parameterization for surface /mnt/temp_data1/NHP_NNP/MacaqueCyno/A18021502/T1w/A18021502_scaled/surf/lh.inflated.H...
curvature mean = -0.034, std = 0.962
computing parameterization for surface /mnt/temp_data1/NHP_NNP/MacaqueCyno/A18021502/T1w/A18021502_scaled/surf/lh.sulc...
computing parameterization for surface /mnt/temp_data1/NHP_NNP/MacaqueCyno/A18021502/T1w/A18021502_scaled/surf/lh.smoothwm...

processing subject A18041901/T1w/A18041901_scaled (12 of 25)
reading spherical surface /mnt/temp_data1/NHP_NNP/MacaqueCyno/A18041901/T1w/A18041901_scaled/surf/lh.sphere.reg...
curvature mean = 0.615, std = 10.207
curvature mean = -0.044, std = 0.284
reading frame -1 of gca
reading colortable from annotation file...
colortable with 36 entries read (originally /autofs/space/tanha_002/users/greve/fsdev.build/average/colortable_desikan_killiany.txt)
ripping medial wall...
computing parameterization for surface /mnt/temp_data1/NHP_NNP/MacaqueCyno/A18041901/T1w/A18041901_scaled/surf/lh.inflated.H...
curvature mean = -0.023, std = 0.974
computing parameterization for surface /mnt/temp_data1/NHP_NNP/MacaqueCyno/A18041901/T1w/A18041901_scaled/surf/lh.sulc...
computing parameterization for surface /mnt/temp_data1/NHP_NNP/MacaqueCyno/A18041901/T1w/A18041901_scaled/surf/lh.smoothwm...

processing subject A22121201/T1w/A22121201_scaled (13 of 25)
reading spherical surface /mnt/temp_data1/NHP_NNP/MacaqueCyno/A22121201/T1w/A22121201_scaled/surf/lh.sphere.reg...
curvature mean = 0.593, std = 9.809
curvature mean = -0.046, std = 0.314
reading frame -1 of gca
reading colortable from annotation file...
colortable with 36 entries read (originally /autofs/space/tanha_002/users/greve/fsdev.build/average/colortable_desikan_killiany.txt)
ripping medial wall...
computing parameterization for surface /mnt/temp_data1/NHP_NNP/MacaqueCyno/A22121201/T1w/A22121201_scaled/surf/lh.inflated.H...
curvature mean = -0.016, std = 0.960
computing parameterization for surface /mnt/temp_data1/NHP_NNP/MacaqueCyno/A22121201/T1w/A22121201_scaled/surf/lh.sulc...
computing parameterization for surface /mnt/temp_data1/NHP_NNP/MacaqueCyno/A22121201/T1w/A22121201_scaled/surf/lh.smoothwm...

processing subject A22121401/T1w/A22121401_scaled (14 of 25)
reading spherical surface /mnt/temp_data1/NHP_NNP/MacaqueCyno/A22121401/T1w/A22121401_scaled/surf/lh.sphere.reg...
curvature mean = 0.462, std = 10.097
curvature mean = -0.046, std = 0.309
reading frame -1 of gca
reading colortable from annotation file...
colortable with 36 entries read (originally /autofs/space/tanha_002/users/greve/fsdev.build/average/colortable_desikan_killiany.txt)
ripping medial wall...
computing parameterization for surface /mnt/temp_data1/NHP_NNP/MacaqueCyno/A22121401/T1w/A22121401_scaled/surf/lh.inflated.H...
curvature mean = -0.023, std = 0.998
computing parameterization for surface /mnt/temp_data1/NHP_NNP/MacaqueCyno/A22121401/T1w/A22121401_scaled/surf/lh.sulc...
computing parameterization for surface /mnt/temp_data1/NHP_NNP/MacaqueCyno/A22121401/T1w/A22121401_scaled/surf/lh.smoothwm...

processing subject A23011001/T1w/A23011001_scaled (15 of 25)
reading spherical surface /mnt/temp_data1/NHP_NNP/MacaqueCyno/A23011001/T1w/A23011001_scaled/surf/lh.sphere.reg...
curvature mean = 0.537, std = 9.651
curvature mean = -0.048, std = 0.417
reading frame -1 of gca
reading colortable from annotation file...
colortable with 36 entries read (originally /autofs/space/tanha_002/users/greve/fsdev.build/average/colortable_desikan_killiany.txt)
ripping medial wall...
computing parameterization for surface /mnt/temp_data1/NHP_NNP/MacaqueCyno/A23011001/T1w/A23011001_scaled/surf/lh.inflated.H...
curvature mean = -0.025, std = 0.968
computing parameterization for surface /mnt/temp_data1/NHP_NNP/MacaqueCyno/A23011001/T1w/A23011001_scaled/surf/lh.sulc...
computing parameterization for surface /mnt/temp_data1/NHP_NNP/MacaqueCyno/A23011001/T1w/A23011001_scaled/surf/lh.smoothwm...

processing subject A23011101/T1w/A23011101_scaled (16 of 25)
reading spherical surface /mnt/temp_data1/NHP_NNP/MacaqueCyno/A23011101/T1w/A23011101_scaled/surf/lh.sphere.reg...
curvature mean = 0.363, std = 9.816
curvature mean = -0.048, std = 0.355
reading frame -1 of gca
reading colortable from annotation file...
colortable with 36 entries read (originally /autofs/space/tanha_002/users/greve/fsdev.build/average/colortable_desikan_killiany.txt)
ripping medial wall...
computing parameterization for surface /mnt/temp_data1/NHP_NNP/MacaqueCyno/A23011101/T1w/A23011101_scaled/surf/lh.inflated.H...
curvature mean = -0.044, std = 0.966
computing parameterization for surface /mnt/temp_data1/NHP_NNP/MacaqueCyno/A23011101/T1w/A23011101_scaled/surf/lh.sulc...
computing parameterization for surface /mnt/temp_data1/NHP_NNP/MacaqueCyno/A23011101/T1w/A23011101_scaled/surf/lh.smoothwm...

processing subject A23013001/T1w/A23013001_scaled (17 of 25)
reading spherical surface /mnt/temp_data1/NHP_NNP/MacaqueCyno/A23013001/T1w/A23013001_scaled/surf/lh.sphere.reg...
curvature mean = 0.746, std = 9.023
curvature mean = -0.062, std = 0.378
reading frame -1 of gca
reading colortable from annotation file...
colortable with 36 entries read (originally /autofs/space/tanha_002/users/greve/fsdev.build/average/colortable_desikan_killiany.txt)
ripping medial wall...
computing parameterization for surface /mnt/temp_data1/NHP_NNP/MacaqueCyno/A23013001/T1w/A23013001_scaled/surf/lh.inflated.H...
curvature mean = -0.020, std = 0.939
computing parameterization for surface /mnt/temp_data1/NHP_NNP/MacaqueCyno/A23013001/T1w/A23013001_scaled/surf/lh.sulc...
computing parameterization for surface /mnt/temp_data1/NHP_NNP/MacaqueCyno/A23013001/T1w/A23013001_scaled/surf/lh.smoothwm...

processing subject A23013101/T1w/A23013101_scaled (18 of 25)
reading spherical surface /mnt/temp_data1/NHP_NNP/MacaqueCyno/A23013101/T1w/A23013101_scaled/surf/lh.sphere.reg...
curvature mean = 0.522, std = 9.203
curvature mean = -0.055, std = 0.351
reading frame -1 of gca
reading colortable from annotation file...
colortable with 36 entries read (originally /autofs/space/tanha_002/users/greve/fsdev.build/average/colortable_desikan_killiany.txt)
ripping medial wall...
computing parameterization for surface /mnt/temp_data1/NHP_NNP/MacaqueCyno/A23013101/T1w/A23013101_scaled/surf/lh.inflated.H...
curvature mean = -0.035, std = 0.975
computing parameterization for surface /mnt/temp_data1/NHP_NNP/MacaqueCyno/A23013101/T1w/A23013101_scaled/surf/lh.sulc...
computing parameterization for surface /mnt/temp_data1/NHP_NNP/MacaqueCyno/A23013101/T1w/A23013101_scaled/surf/lh.smoothwm...

processing subject A23041101/T1w/A23041101_scaled (19 of 25)
reading spherical surface /mnt/temp_data1/NHP_NNP/MacaqueCyno/A23041101/T1w/A23041101_scaled/surf/lh.sphere.reg...
curvature mean = 0.477, std = 9.583
curvature mean = -0.056, std = 0.430
reading frame -1 of gca
reading colortable from annotation file...
colortable with 36 entries read (originally /autofs/space/tanha_002/users/greve/fsdev.build/average/colortable_desikan_killiany.txt)
ripping medial wall...
computing parameterization for surface /mnt/temp_data1/NHP_NNP/MacaqueCyno/A23041101/T1w/A23041101_scaled/surf/lh.inflated.H...
curvature mean = -0.029, std = 0.974
computing parameterization for surface /mnt/temp_data1/NHP_NNP/MacaqueCyno/A23041101/T1w/A23041101_scaled/surf/lh.sulc...
computing parameterization for surface /mnt/temp_data1/NHP_NNP/MacaqueCyno/A23041101/T1w/A23041101_scaled/surf/lh.smoothwm...

processing subject A23041301/T1w/A23041301_scaled (20 of 25)
reading spherical surface /mnt/temp_data1/NHP_NNP/MacaqueCyno/A23041301/T1w/A23041301_scaled/surf/lh.sphere.reg...
curvature mean = 0.549, std = 9.990
curvature mean = -0.052, std = 0.401
reading frame -1 of gca
reading colortable from annotation file...
colortable with 36 entries read (originally /autofs/space/tanha_002/users/greve/fsdev.build/average/colortable_desikan_killiany.txt)
ripping medial wall...
computing parameterization for surface /mnt/temp_data1/NHP_NNP/MacaqueCyno/A23041301/T1w/A23041301_scaled/surf/lh.inflated.H...
curvature mean = -0.026, std = 0.968
computing parameterization for surface /mnt/temp_data1/NHP_NNP/MacaqueCyno/A23041301/T1w/A23041301_scaled/surf/lh.sulc...
computing parameterization for surface /mnt/temp_data1/NHP_NNP/MacaqueCyno/A23041301/T1w/A23041301_scaled/surf/lh.smoothwm...

processing subject M174/T1w/M174_scaled (21 of 25)
reading spherical surface /mnt/temp_data1/NHP_NNP/MacaqueCyno/M174/T1w/M174_scaled/surf/lh.sphere.reg...
curvature mean = 0.785, std = 9.317
curvature mean = -0.062, std = 0.758
reading frame -1 of gca
reading colortable from annotation file...
colortable with 36 entries read (originally /autofs/space/tanha_002/users/greve/fsdev.build/average/colortable_desikan_killiany.txt)
ripping medial wall...
computing parameterization for surface /mnt/temp_data1/NHP_NNP/MacaqueCyno/M174/T1w/M174_scaled/surf/lh.inflated.H...
curvature mean = -0.024, std = 0.964
computing parameterization for surface /mnt/temp_data1/NHP_NNP/MacaqueCyno/M174/T1w/M174_scaled/surf/lh.sulc...
computing parameterization for surface /mnt/temp_data1/NHP_NNP/MacaqueCyno/M174/T1w/M174_scaled/surf/lh.smoothwm...

processing subject M176/T1w/M176_scaled (22 of 25)
reading spherical surface /mnt/temp_data1/NHP_NNP/MacaqueCyno/M176/T1w/M176_scaled/surf/lh.sphere.reg...
curvature mean = 0.555, std = 9.485
curvature mean = -0.045, std = 0.351
reading frame -1 of gca
reading colortable from annotation file...
colortable with 36 entries read (originally /autofs/space/tanha_002/users/greve/fsdev.build/average/colortable_desikan_killiany.txt)
ripping medial wall...
MRISreadCurvature: could not open /mnt/temp_data1/NHP_NNP/MacaqueCyno/M176/T1w/M176_scaled/surf/lh.inflated.H
No such file or directory
mris_make_template: could not read curvature file '/mnt/temp_data1/NHP_NNP/MacaqueCyno/M176/T1w/M176_scaled/surf/lh.inflated.H'

No such file or directory

processing subject M177/T1w/M177_scaled (23 of 25)
reading spherical surface /mnt/temp_data1/NHP_NNP/MacaqueCyno/M177/T1w/M177_scaled/surf/lh.sphere.reg...
reading frame -1 of gca
reading colortable from annotation file...
colortable with 36 entries read (originally /autofs/space/tanha_002/users/greve/fsdev.build/average/colortable_desikan_killiany.txt)
ripping medial wall...
MRISreadCurvature: could not open /mnt/temp_data1/NHP_NNP/MacaqueCyno/M177/T1w/M177_scaled/surf/lh.inflated.H
No such file or directory
mris_make_template: could not read curvature file '/mnt/temp_data1/NHP_NNP/MacaqueCyno/M177/T1w/M177_scaled/surf/lh.inflated.H'

No such file or directory

processing subject M179/T1w/M179_scaled (24 of 25)
reading spherical surface /mnt/temp_data1/NHP_NNP/MacaqueCyno/M179/T1w/M179_scaled/surf/lh.sphere.reg...
reading frame -1 of gca
reading colortable from annotation file...
colortable with 36 entries read (originally /autofs/space/tanha_002/users/greve/fsdev.build/average/colortable_desikan_killiany.txt)
ripping medial wall...
MRISreadCurvature: could not open /mnt/temp_data1/NHP_NNP/MacaqueCyno/M179/T1w/M179_scaled/surf/lh.inflated.H
No such file or directory
mris_make_template: could not read curvature file '/mnt/temp_data1/NHP_NNP/MacaqueCyno/M179/T1w/M179_scaled/surf/lh.inflated.H'

No such file or directory

processing subject M180/T1w/M180_scaled (25 of 25)
reading spherical surface /mnt/temp_data1/NHP_NNP/MacaqueCyno/M180/T1w/M180_scaled/surf/lh.sphere.reg...
reading frame -1 of gca
reading colortable from annotation file...
colortable with 36 entries read (originally /autofs/space/tanha_002/users/greve/fsdev.build/average/colortable_desikan_killiany.txt)
ripping medial wall...
MRISreadCurvature: could not open /mnt/temp_data1/NHP_NNP/MacaqueCyno/M180/T1w/M180_scaled/surf/lh.inflated.H
No such file or directory
mris_make_template: could not read curvature file '/mnt/temp_data1/NHP_NNP/MacaqueCyno/M180/T1w/M180_scaled/surf/lh.inflated.H'

No such file or directory
writing updated template with 21 subjects to lh.reg.template.tif...

#@# Making rh registration template ---------
/mnt/temp_data1/NHP_NNP/MacaqueCyno/average/fsaverage
mris_make_template -norot -annot aparc rh sphere.reg A16121601/T1w/A16121601_scaled A16121602/T1w/A16121602_scaled A16122101/T1w/A16122101_scaled A16122102/T1w/A16122102_scaled A16122201/T1w/A16122201_scaled A16122202/T1w/A16122202_scaled A17020301/T1w/A17020301_scaled A17022401/T1w/A17022401_scaled A17040701/T1w/A17040701_scaled A18020802/T1w/A18020802_scaled A18021502/T1w/A18021502_scaled A18041901/T1w/A18041901_scaled A22121201/T1w/A22121201_scaled A22121401/T1w/A22121401_scaled A23011001/T1w/A23011001_scaled A23011101/T1w/A23011101_scaled A23013001/T1w/A23013001_scaled A23013101/T1w/A23013101_scaled A23041101/T1w/A23041101_scaled A23041301/T1w/A23041301_scaled M174/T1w/M174_scaled M176/T1w/M176_scaled M177/T1w/M177_scaled M179/T1w/M179_scaled M180/T1w/M180_scaled rh.reg.template.tif
not aligning hemispheres before averaging.
zeroing medial wall in aparc
creating new parameterization...

processing subject A16121601/T1w/A16121601_scaled (1 of 25)
reading spherical surface /mnt/temp_data1/NHP_NNP/MacaqueCyno/A16121601/T1w/A16121601_scaled/surf/rh.sphere.reg...
reading frame -1 of gca
reading colortable from annotation file...
colortable with 36 entries read (originally /autofs/space/tanha_002/users/greve/fsdev.build/average/colortable_desikan_killiany.txt)
ripping medial wall...
computing parameterization for surface /mnt/temp_data1/NHP_NNP/MacaqueCyno/A16121601/T1w/A16121601_scaled/surf/rh.inflated.H...
curvature mean = -0.021, std = 0.920
computing parameterization for surface /mnt/temp_data1/NHP_NNP/MacaqueCyno/A16121601/T1w/A16121601_scaled/surf/rh.sulc...
computing parameterization for surface /mnt/temp_data1/NHP_NNP/MacaqueCyno/A16121601/T1w/A16121601_scaled/surf/rh.smoothwm...

processing subject A16121602/T1w/A16121602_scaled (2 of 25)
reading spherical surface /mnt/temp_data1/NHP_NNP/MacaqueCyno/A16121602/T1w/A16121602_scaled/surf/rh.sphere.reg...
curvature mean = 0.715, std = 9.263
curvature mean = -0.059, std = 0.457
reading frame -1 of gca
reading colortable from annotation file...
colortable with 36 entries read (originally /autofs/space/tanha_002/users/greve/fsdev.build/average/colortable_desikan_killiany.txt)
ripping medial wall...
computing parameterization for surface /mnt/temp_data1/NHP_NNP/MacaqueCyno/A16121602/T1w/A16121602_scaled/surf/rh.inflated.H...
curvature mean = -0.010, std = 0.957
computing parameterization for surface /mnt/temp_data1/NHP_NNP/MacaqueCyno/A16121602/T1w/A16121602_scaled/surf/rh.sulc...
computing parameterization for surface /mnt/temp_data1/NHP_NNP/MacaqueCyno/A16121602/T1w/A16121602_scaled/surf/rh.smoothwm...

processing subject A16122101/T1w/A16122101_scaled (3 of 25)
reading spherical surface /mnt/temp_data1/NHP_NNP/MacaqueCyno/A16122101/T1w/A16122101_scaled/surf/rh.sphere.reg...
curvature mean = 0.433, std = 9.016
curvature mean = -0.050, std = 0.322
reading frame -1 of gca
reading colortable from annotation file...
colortable with 36 entries read (originally /autofs/space/tanha_002/users/greve/fsdev.build/average/colortable_desikan_killiany.txt)
ripping medial wall...
computing parameterization for surface /mnt/temp_data1/NHP_NNP/MacaqueCyno/A16122101/T1w/A16122101_scaled/surf/rh.inflated.H...
curvature mean = -0.000, std = 0.845
computing parameterization for surface /mnt/temp_data1/NHP_NNP/MacaqueCyno/A16122101/T1w/A16122101_scaled/surf/rh.sulc...
computing parameterization for surface /mnt/temp_data1/NHP_NNP/MacaqueCyno/A16122101/T1w/A16122101_scaled/surf/rh.smoothwm...

processing subject A16122102/T1w/A16122102_scaled (4 of 25)
reading spherical surface /mnt/temp_data1/NHP_NNP/MacaqueCyno/A16122102/T1w/A16122102_scaled/surf/rh.sphere.reg...
curvature mean = 0.542, std = 9.820
curvature mean = -0.050, std = 0.296
reading frame -1 of gca
reading colortable from annotation file...
colortable with 36 entries read (originally /autofs/space/tanha_002/users/greve/fsdev.build/average/colortable_desikan_killiany.txt)
ripping medial wall...
computing parameterization for surface /mnt/temp_data1/NHP_NNP/MacaqueCyno/A16122102/T1w/A16122102_scaled/surf/rh.inflated.H...
curvature mean = -0.021, std = 0.961
computing parameterization for surface /mnt/temp_data1/NHP_NNP/MacaqueCyno/A16122102/T1w/A16122102_scaled/surf/rh.sulc...
computing parameterization for surface /mnt/temp_data1/NHP_NNP/MacaqueCyno/A16122102/T1w/A16122102_scaled/surf/rh.smoothwm...

processing subject A16122201/T1w/A16122201_scaled (5 of 25)
reading spherical surface /mnt/temp_data1/NHP_NNP/MacaqueCyno/A16122201/T1w/A16122201_scaled/surf/rh.sphere.reg...
curvature mean = 0.596, std = 10.464
curvature mean = -0.045, std = 0.315
reading frame -1 of gca
reading colortable from annotation file...
colortable with 36 entries read (originally /autofs/space/tanha_002/users/greve/fsdev.build/average/colortable_desikan_killiany.txt)
ripping medial wall...
computing parameterization for surface /mnt/temp_data1/NHP_NNP/MacaqueCyno/A16122201/T1w/A16122201_scaled/surf/rh.inflated.H...
curvature mean = -0.014, std = 0.909
computing parameterization for surface /mnt/temp_data1/NHP_NNP/MacaqueCyno/A16122201/T1w/A16122201_scaled/surf/rh.sulc...
computing parameterization for surface /mnt/temp_data1/NHP_NNP/MacaqueCyno/A16122201/T1w/A16122201_scaled/surf/rh.smoothwm...

processing subject A16122202/T1w/A16122202_scaled (6 of 25)
reading spherical surface /mnt/temp_data1/NHP_NNP/MacaqueCyno/A16122202/T1w/A16122202_scaled/surf/rh.sphere.reg...
curvature mean = 0.750, std = 9.588
curvature mean = -0.049, std = 0.305
reading frame -1 of gca
reading colortable from annotation file...
colortable with 36 entries read (originally /autofs/space/tanha_002/users/greve/fsdev.build/average/colortable_desikan_killiany.txt)
ripping medial wall...
computing parameterization for surface /mnt/temp_data1/NHP_NNP/MacaqueCyno/A16122202/T1w/A16122202_scaled/surf/rh.inflated.H...
curvature mean = -0.018, std = 0.931
computing parameterization for surface /mnt/temp_data1/NHP_NNP/MacaqueCyno/A16122202/T1w/A16122202_scaled/surf/rh.sulc...
computing parameterization for surface /mnt/temp_data1/NHP_NNP/MacaqueCyno/A16122202/T1w/A16122202_scaled/surf/rh.smoothwm...

processing subject A17020301/T1w/A17020301_scaled (7 of 25)
reading spherical surface /mnt/temp_data1/NHP_NNP/MacaqueCyno/A17020301/T1w/A17020301_scaled/surf/rh.sphere.reg...
curvature mean = 0.552, std = 9.486
curvature mean = -0.052, std = 0.340
reading frame -1 of gca
reading colortable from annotation file...
colortable with 36 entries read (originally /autofs/space/tanha_002/users/greve/fsdev.build/average/colortable_desikan_killiany.txt)
ripping medial wall...
computing parameterization for surface /mnt/temp_data1/NHP_NNP/MacaqueCyno/A17020301/T1w/A17020301_scaled/surf/rh.inflated.H...
curvature mean = -0.019, std = 0.959
computing parameterization for surface /mnt/temp_data1/NHP_NNP/MacaqueCyno/A17020301/T1w/A17020301_scaled/surf/rh.sulc...
computing parameterization for surface /mnt/temp_data1/NHP_NNP/MacaqueCyno/A17020301/T1w/A17020301_scaled/surf/rh.smoothwm...

processing subject A17022401/T1w/A17022401_scaled (8 of 25)
reading spherical surface /mnt/temp_data1/NHP_NNP/MacaqueCyno/A17022401/T1w/A17022401_scaled/surf/rh.sphere.reg...
curvature mean = 0.456, std = 9.528
curvature mean = -0.047, std = 0.293
reading frame -1 of gca
reading colortable from annotation file...
colortable with 36 entries read (originally /autofs/space/tanha_002/users/greve/fsdev.build/average/colortable_desikan_killiany.txt)
ripping medial wall...
computing parameterization for surface /mnt/temp_data1/NHP_NNP/MacaqueCyno/A17022401/T1w/A17022401_scaled/surf/rh.inflated.H...
curvature mean = -0.029, std = 0.986
computing parameterization for surface /mnt/temp_data1/NHP_NNP/MacaqueCyno/A17022401/T1w/A17022401_scaled/surf/rh.sulc...
computing parameterization for surface /mnt/temp_data1/NHP_NNP/MacaqueCyno/A17022401/T1w/A17022401_scaled/surf/rh.smoothwm...

processing subject A17040701/T1w/A17040701_scaled (9 of 25)
reading spherical surface /mnt/temp_data1/NHP_NNP/MacaqueCyno/A17040701/T1w/A17040701_scaled/surf/rh.sphere.reg...
curvature mean = 0.614, std = 10.026
curvature mean = -0.057, std = 0.334
reading frame -1 of gca
reading colortable from annotation file...
colortable with 36 entries read (originally /autofs/space/tanha_002/users/greve/fsdev.build/average/colortable_desikan_killiany.txt)
ripping medial wall...
computing parameterization for surface /mnt/temp_data1/NHP_NNP/MacaqueCyno/A17040701/T1w/A17040701_scaled/surf/rh.inflated.H...
curvature mean = -0.020, std = 0.969
computing parameterization for surface /mnt/temp_data1/NHP_NNP/MacaqueCyno/A17040701/T1w/A17040701_scaled/surf/rh.sulc...
computing parameterization for surface /mnt/temp_data1/NHP_NNP/MacaqueCyno/A17040701/T1w/A17040701_scaled/surf/rh.smoothwm...

processing subject A18020802/T1w/A18020802_scaled (10 of 25)
reading spherical surface /mnt/temp_data1/NHP_NNP/MacaqueCyno/A18020802/T1w/A18020802_scaled/surf/rh.sphere.reg...
curvature mean = 0.548, std = 10.294
curvature mean = -0.048, std = 0.305
reading frame -1 of gca
reading colortable from annotation file...
colortable with 36 entries read (originally /autofs/space/tanha_002/users/greve/fsdev.build/average/colortable_desikan_killiany.txt)
ripping medial wall...
computing parameterization for surface /mnt/temp_data1/NHP_NNP/MacaqueCyno/A18020802/T1w/A18020802_scaled/surf/rh.inflated.H...
curvature mean = -0.012, std = 0.957
computing parameterization for surface /mnt/temp_data1/NHP_NNP/MacaqueCyno/A18020802/T1w/A18020802_scaled/surf/rh.sulc...
computing parameterization for surface /mnt/temp_data1/NHP_NNP/MacaqueCyno/A18020802/T1w/A18020802_scaled/surf/rh.smoothwm...

processing subject A18021502/T1w/A18021502_scaled (11 of 25)
reading spherical surface /mnt/temp_data1/NHP_NNP/MacaqueCyno/A18021502/T1w/A18021502_scaled/surf/rh.sphere.reg...
curvature mean = 0.722, std = 10.000
curvature mean = -0.050, std = 0.353
reading frame -1 of gca
reading colortable from annotation file...
colortable with 36 entries read (originally /autofs/space/tanha_002/users/greve/fsdev.build/average/colortable_desikan_killiany.txt)
ripping medial wall...
computing parameterization for surface /mnt/temp_data1/NHP_NNP/MacaqueCyno/A18021502/T1w/A18021502_scaled/surf/rh.inflated.H...
curvature mean = -0.030, std = 0.988
computing parameterization for surface /mnt/temp_data1/NHP_NNP/MacaqueCyno/A18021502/T1w/A18021502_scaled/surf/rh.sulc...
computing parameterization for surface /mnt/temp_data1/NHP_NNP/MacaqueCyno/A18021502/T1w/A18021502_scaled/surf/rh.smoothwm...

processing subject A18041901/T1w/A18041901_scaled (12 of 25)
reading spherical surface /mnt/temp_data1/NHP_NNP/MacaqueCyno/A18041901/T1w/A18041901_scaled/surf/rh.sphere.reg...
curvature mean = 0.611, std = 10.268
curvature mean = -0.043, std = 0.296
reading frame -1 of gca
reading colortable from annotation file...
colortable with 36 entries read (originally /autofs/space/tanha_002/users/greve/fsdev.build/average/colortable_desikan_killiany.txt)
ripping medial wall...
computing parameterization for surface /mnt/temp_data1/NHP_NNP/MacaqueCyno/A18041901/T1w/A18041901_scaled/surf/rh.inflated.H...
curvature mean = -0.034, std = 0.990
computing parameterization for surface /mnt/temp_data1/NHP_NNP/MacaqueCyno/A18041901/T1w/A18041901_scaled/surf/rh.sulc...
computing parameterization for surface /mnt/temp_data1/NHP_NNP/MacaqueCyno/A18041901/T1w/A18041901_scaled/surf/rh.smoothwm...

processing subject A22121201/T1w/A22121201_scaled (13 of 25)
reading spherical surface /mnt/temp_data1/NHP_NNP/MacaqueCyno/A22121201/T1w/A22121201_scaled/surf/rh.sphere.reg...
curvature mean = 0.614, std = 9.724
curvature mean = -0.049, std = 0.283
reading frame -1 of gca
reading colortable from annotation file...
colortable with 36 entries read (originally /autofs/space/tanha_002/users/greve/fsdev.build/average/colortable_desikan_killiany.txt)
ripping medial wall...
computing parameterization for surface /mnt/temp_data1/NHP_NNP/MacaqueCyno/A22121201/T1w/A22121201_scaled/surf/rh.inflated.H...
curvature mean = -0.026, std = 0.958
computing parameterization for surface /mnt/temp_data1/NHP_NNP/MacaqueCyno/A22121201/T1w/A22121201_scaled/surf/rh.sulc...
computing parameterization for surface /mnt/temp_data1/NHP_NNP/MacaqueCyno/A22121201/T1w/A22121201_scaled/surf/rh.smoothwm...

processing subject A22121401/T1w/A22121401_scaled (14 of 25)
reading spherical surface /mnt/temp_data1/NHP_NNP/MacaqueCyno/A22121401/T1w/A22121401_scaled/surf/rh.sphere.reg...
curvature mean = 0.435, std = 10.247
curvature mean = -0.041, std = 0.303
reading frame -1 of gca
reading colortable from annotation file...
colortable with 36 entries read (originally /autofs/space/tanha_002/users/greve/fsdev.build/average/colortable_desikan_killiany.txt)
ripping medial wall...
computing parameterization for surface /mnt/temp_data1/NHP_NNP/MacaqueCyno/A22121401/T1w/A22121401_scaled/surf/rh.inflated.H...
curvature mean = -0.013, std = 0.955
computing parameterization for surface /mnt/temp_data1/NHP_NNP/MacaqueCyno/A22121401/T1w/A22121401_scaled/surf/rh.sulc...
computing parameterization for surface /mnt/temp_data1/NHP_NNP/MacaqueCyno/A22121401/T1w/A22121401_scaled/surf/rh.smoothwm...

processing subject A23011001/T1w/A23011001_scaled (15 of 25)
reading spherical surface /mnt/temp_data1/NHP_NNP/MacaqueCyno/A23011001/T1w/A23011001_scaled/surf/rh.sphere.reg...
curvature mean = 0.596, std = 9.650
curvature mean = -0.048, std = 0.357
reading frame -1 of gca
reading colortable from annotation file...
colortable with 36 entries read (originally /autofs/space/tanha_002/users/greve/fsdev.build/average/colortable_desikan_killiany.txt)
ripping medial wall...
computing parameterization for surface /mnt/temp_data1/NHP_NNP/MacaqueCyno/A23011001/T1w/A23011001_scaled/surf/rh.inflated.H...
curvature mean = -0.020, std = 0.946
computing parameterization for surface /mnt/temp_data1/NHP_NNP/MacaqueCyno/A23011001/T1w/A23011001_scaled/surf/rh.sulc...
computing parameterization for surface /mnt/temp_data1/NHP_NNP/MacaqueCyno/A23011001/T1w/A23011001_scaled/surf/rh.smoothwm...

processing subject A23011101/T1w/A23011101_scaled (16 of 25)
reading spherical surface /mnt/temp_data1/NHP_NNP/MacaqueCyno/A23011101/T1w/A23011101_scaled/surf/rh.sphere.reg...
curvature mean = 0.499, std = 9.942
curvature mean = -0.051, std = 0.389
reading frame -1 of gca
reading colortable from annotation file...
colortable with 36 entries read (originally /autofs/space/tanha_002/users/greve/fsdev.build/average/colortable_desikan_killiany.txt)
ripping medial wall...
computing parameterization for surface /mnt/temp_data1/NHP_NNP/MacaqueCyno/A23011101/T1w/A23011101_scaled/surf/rh.inflated.H...
curvature mean = -0.050, std = 0.968
computing parameterization for surface /mnt/temp_data1/NHP_NNP/MacaqueCyno/A23011101/T1w/A23011101_scaled/surf/rh.sulc...
computing parameterization for surface /mnt/temp_data1/NHP_NNP/MacaqueCyno/A23011101/T1w/A23011101_scaled/surf/rh.smoothwm...

processing subject A23013001/T1w/A23013001_scaled (17 of 25)
reading spherical surface /mnt/temp_data1/NHP_NNP/MacaqueCyno/A23013001/T1w/A23013001_scaled/surf/rh.sphere.reg...
curvature mean = 0.870, std = 8.978
curvature mean = -0.059, std = 0.339
reading frame -1 of gca
reading colortable from annotation file...
colortable with 36 entries read (originally /autofs/space/tanha_002/users/greve/fsdev.build/average/colortable_desikan_killiany.txt)
ripping medial wall...
computing parameterization for surface /mnt/temp_data1/NHP_NNP/MacaqueCyno/A23013001/T1w/A23013001_scaled/surf/rh.inflated.H...
curvature mean = -0.026, std = 0.951
computing parameterization for surface /mnt/temp_data1/NHP_NNP/MacaqueCyno/A23013001/T1w/A23013001_scaled/surf/rh.sulc...
computing parameterization for surface /mnt/temp_data1/NHP_NNP/MacaqueCyno/A23013001/T1w/A23013001_scaled/surf/rh.smoothwm...

processing subject A23013101/T1w/A23013101_scaled (18 of 25)
reading spherical surface /mnt/temp_data1/NHP_NNP/MacaqueCyno/A23013101/T1w/A23013101_scaled/surf/rh.sphere.reg...
curvature mean = 0.566, std = 9.321
curvature mean = -0.059, std = 0.608
reading frame -1 of gca
reading colortable from annotation file...
colortable with 36 entries read (originally /autofs/space/tanha_002/users/greve/fsdev.build/average/colortable_desikan_killiany.txt)
ripping medial wall...
computing parameterization for surface /mnt/temp_data1/NHP_NNP/MacaqueCyno/A23013101/T1w/A23013101_scaled/surf/rh.inflated.H...
curvature mean = -0.051, std = 0.993
computing parameterization for surface /mnt/temp_data1/NHP_NNP/MacaqueCyno/A23013101/T1w/A23013101_scaled/surf/rh.sulc...
computing parameterization for surface /mnt/temp_data1/NHP_NNP/MacaqueCyno/A23013101/T1w/A23013101_scaled/surf/rh.smoothwm...

processing subject A23041101/T1w/A23041101_scaled (19 of 25)
reading spherical surface /mnt/temp_data1/NHP_NNP/MacaqueCyno/A23041101/T1w/A23041101_scaled/surf/rh.sphere.reg...
curvature mean = 0.540, std = 9.605
curvature mean = -0.060, std = 0.702
reading frame -1 of gca
reading colortable from annotation file...
colortable with 36 entries read (originally /autofs/space/tanha_002/users/greve/fsdev.build/average/colortable_desikan_killiany.txt)
ripping medial wall...
computing parameterization for surface /mnt/temp_data1/NHP_NNP/MacaqueCyno/A23041101/T1w/A23041101_scaled/surf/rh.inflated.H...
curvature mean = -0.024, std = 0.974
computing parameterization for surface /mnt/temp_data1/NHP_NNP/MacaqueCyno/A23041101/T1w/A23041101_scaled/surf/rh.sulc...
computing parameterization for surface /mnt/temp_data1/NHP_NNP/MacaqueCyno/A23041101/T1w/A23041101_scaled/surf/rh.smoothwm...

processing subject A23041301/T1w/A23041301_scaled (20 of 25)
reading spherical surface /mnt/temp_data1/NHP_NNP/MacaqueCyno/A23041301/T1w/A23041301_scaled/surf/rh.sphere.reg...
curvature mean = 0.572, std = 10.054
curvature mean = -0.049, std = 0.371
reading frame -1 of gca
reading colortable from annotation file...
colortable with 36 entries read (originally /autofs/space/tanha_002/users/greve/fsdev.build/average/colortable_desikan_killiany.txt)
ripping medial wall...
computing parameterization for surface /mnt/temp_data1/NHP_NNP/MacaqueCyno/A23041301/T1w/A23041301_scaled/surf/rh.inflated.H...
curvature mean = -0.049, std = 0.991
computing parameterization for surface /mnt/temp_data1/NHP_NNP/MacaqueCyno/A23041301/T1w/A23041301_scaled/surf/rh.sulc...
computing parameterization for surface /mnt/temp_data1/NHP_NNP/MacaqueCyno/A23041301/T1w/A23041301_scaled/surf/rh.smoothwm...

processing subject M174/T1w/M174_scaled (21 of 25)
reading spherical surface /mnt/temp_data1/NHP_NNP/MacaqueCyno/M174/T1w/M174_scaled/surf/rh.sphere.reg...
curvature mean = 0.660, std = 9.463
curvature mean = -0.061, std = 0.384
reading frame -1 of gca
reading colortable from annotation file...
colortable with 36 entries read (originally /autofs/space/tanha_002/users/greve/fsdev.build/average/colortable_desikan_killiany.txt)
ripping medial wall...
computing parameterization for surface /mnt/temp_data1/NHP_NNP/MacaqueCyno/M174/T1w/M174_scaled/surf/rh.inflated.H...
curvature mean = -0.008, std = 0.929
computing parameterization for surface /mnt/temp_data1/NHP_NNP/MacaqueCyno/M174/T1w/M174_scaled/surf/rh.sulc...
computing parameterization for surface /mnt/temp_data1/NHP_NNP/MacaqueCyno/M174/T1w/M174_scaled/surf/rh.smoothwm...

processing subject M176/T1w/M176_scaled (22 of 25)
reading spherical surface /mnt/temp_data1/NHP_NNP/MacaqueCyno/M176/T1w/M176_scaled/surf/rh.sphere.reg...
curvature mean = 0.723, std = 9.209
curvature mean = -0.038, std = 0.313
reading frame -1 of gca
reading colortable from annotation file...
colortable with 36 entries read (originally /autofs/space/tanha_002/users/greve/fsdev.build/average/colortable_desikan_killiany.txt)
ripping medial wall...
MRISreadCurvature: could not open /mnt/temp_data1/NHP_NNP/MacaqueCyno/M176/T1w/M176_scaled/surf/rh.inflated.H
No such file or directory
mris_make_template: could not read curvature file '/mnt/temp_data1/NHP_NNP/MacaqueCyno/M176/T1w/M176_scaled/surf/rh.inflated.H'

No such file or directory

processing subject M177/T1w/M177_scaled (23 of 25)
reading spherical surface /mnt/temp_data1/NHP_NNP/MacaqueCyno/M177/T1w/M177_scaled/surf/rh.sphere.reg...
reading frame -1 of gca
reading colortable from annotation file...
colortable with 36 entries read (originally /autofs/space/tanha_002/users/greve/fsdev.build/average/colortable_desikan_killiany.txt)
ripping medial wall...
MRISreadCurvature: could not open /mnt/temp_data1/NHP_NNP/MacaqueCyno/M177/T1w/M177_scaled/surf/rh.inflated.H
No such file or directory
mris_make_template: could not read curvature file '/mnt/temp_data1/NHP_NNP/MacaqueCyno/M177/T1w/M177_scaled/surf/rh.inflated.H'

No such file or directory

processing subject M179/T1w/M179_scaled (24 of 25)
reading spherical surface /mnt/temp_data1/NHP_NNP/MacaqueCyno/M179/T1w/M179_scaled/surf/rh.sphere.reg...
reading frame -1 of gca
reading colortable from annotation file...
colortable with 36 entries read (originally /autofs/space/tanha_002/users/greve/fsdev.build/average/colortable_desikan_killiany.txt)
ripping medial wall...
MRISreadCurvature: could not open /mnt/temp_data1/NHP_NNP/MacaqueCyno/M179/T1w/M179_scaled/surf/rh.inflated.H
No such file or directory
mris_make_template: could not read curvature file '/mnt/temp_data1/NHP_NNP/MacaqueCyno/M179/T1w/M179_scaled/surf/rh.inflated.H'

No such file or directory

processing subject M180/T1w/M180_scaled (25 of 25)
reading spherical surface /mnt/temp_data1/NHP_NNP/MacaqueCyno/M180/T1w/M180_scaled/surf/rh.sphere.reg...
reading frame -1 of gca
reading colortable from annotation file...
colortable with 36 entries read (originally /autofs/space/tanha_002/users/greve/fsdev.build/average/colortable_desikan_killiany.txt)
ripping medial wall...
MRISreadCurvature: could not open /mnt/temp_data1/NHP_NNP/MacaqueCyno/M180/T1w/M180_scaled/surf/rh.inflated.H
No such file or directory
mris_make_template: could not read curvature file '/mnt/temp_data1/NHP_NNP/MacaqueCyno/M180/T1w/M180_scaled/surf/rh.inflated.H'

No such file or directory
writing updated template with 21 subjects to rh.reg.template.tif...

#@# Making average lh.white surface ---------------------
Tue Jun  6 02:56:07 JST 2023
/mnt/temp_data1/NHP_NNP/MacaqueCyno/average/fsaverage
mris_make_average_surface -i 7 -o white -sdir-out /mnt/temp_data1/NHP_NNP/MacaqueCyno lh white sphere.reg average/fsaverage A16121601/T1w/A16121601_scaled A16121602/T1w/A16121602_scaled A16122101/T1w/A16122101_scaled A16122102/T1w/A16122102_scaled A16122201/T1w/A16122201_scaled A16122202/T1w/A16122202_scaled A17020301/T1w/A17020301_scaled A17022401/T1w/A17022401_scaled A17040701/T1w/A17040701_scaled A18020802/T1w/A18020802_scaled A18021502/T1w/A18021502_scaled A18041901/T1w/A18041901_scaled A22121201/T1w/A22121201_scaled A22121401/T1w/A22121401_scaled A23011001/T1w/A23011001_scaled A23011101/T1w/A23011101_scaled A23013001/T1w/A23013001_scaled A23013101/T1w/A23013101_scaled A23041101/T1w/A23041101_scaled A23041301/T1w/A23041301_scaled M174/T1w/M174_scaled M176/T1w/M176_scaled M177/T1w/M177_scaled M179/T1w/M179_scaled M180/T1w/M180_scaled
reading vertex positions from white...
---------------------------------------------------
hemi            = lh
avg_surf_name   = white
canon_surf_name = sphere.reg
out_sname       = average/fsaverage
xform           = talairach.xfm
---------------------------------------------------



---------------------------------------------------
#@# processing subject 1/25 A16121601/T1w/A16121601_scaled...
  Reading /mnt/temp_data1/NHP_NNP/MacaqueCyno/A16121601/T1w/A16121601_scaled/surf/lh.sphere.reg
MRISreadVertexPosition(white): could not open file /mnt/temp_data1/NHP_NNP/MacaqueCyno/A16121601/T1w/A16121601_scaled/surf/lh.white
reading frame -1 of gca
No such file or directory
MRISreadOriginalProperties: could not read surface file white
No such file or directory
mris_make_average_surface: could not read orig file for lh.

No such file or directory
mris_average_surface failed
